#
# A fatal error has been detected by the Java Runtime Environment:
#
#  EXCEPTION_ACCESS_VIOLATION (0xc0000005) at pc=0x0000000061608f45, pid=4404, tid=1880
#
# JRE version: Java(TM) SE Runtime Environment (8.0_91-b15) (build 1.8.0_91-b15)
# Java VM: Java HotSpot(TM) 64-Bit Server VM (25.91-b15 mixed mode windows-amd64 compressed oops)
# Problematic frame:
# V  [jvm.dll+0x128f45]
#
# Failed to write core dump. Minidumps are not enabled by default on client versions of Windows
#
# If you would like to submit a bug report, please visit:
#   http://bugreport.java.com/bugreport/crash.jsp
#

---------------  T H R E A D  ---------------

Current thread (0x0000000058651800):  JavaThread "JDWP Transport Listener: dt_socket" daemon [_thread_in_vm, id=1880, stack(0x0000000058ca0000,0x0000000058da0000)]

siginfo: ExceptionCode=0xc0000005, reading address 0x00000000003b003b

Registers:
RAX=0x0000000058d9f001, RBX=0x0000000058651800, RCX=0x00000000003b003b, RDX=0x0000000000000000
RSP=0x0000000058d9f090, RBP=0x00000000003b003b, RSI=0x0000000058d9f1a8, RDI=0x00000000020b8c80
R8 =0x0000000058651800, R9 =0x000000000000ff00, R10=0x0000000000000000, R11=0x000004bf00140001
R12=0x0000000000000000, R13=0x000000005865bed8, R14=0x0000000000000000, R15=0x0000000000000000
RIP=0x0000000061608f45, EFLAGS=0x0000000000010202

Top of Stack: (sp=0x0000000058d9f090)
0x0000000058d9f090:   0000000058651800 00000000599dcdb0
0x0000000058d9f0a0:   0000000058d9f158 000000006180f32b
0x0000000058d9f0b0:   0000000058651800 000000006182bb8d
0x0000000058d9f0c0:   0000000000000000 0000000062ac9155
0x0000000058d9f0d0:   000000005874f8e0 0000000062ad291e
0x0000000058d9f0e0:   0000000058651800 0000000000000000
0x0000000058d9f0f0:   0000000000000000 0000000000000000
0x0000000058d9f100:   00000000003b003b 0000000062ad1a15
0x0000000058d9f110:   0000000058d9f1a8 0000000058d9f180
0x0000000058d9f120:   0000000000000001 000000005874f8e0
0x0000000058d9f130:   00000000003b003b 0000000062ab53b3
0x0000000058d9f140:   0000000058d9f270 0000000000000001
0x0000000058d9f150:   0000000000000001 000000005874f8e0
0x0000000058d9f160:   0000000000000009 0000000000000000
0x0000000058d9f170:   0000000000000000 0000000000000000
0x0000000058d9f180:   0000000000000001 0000000062ab5571 

Instructions: (pc=0x0000000061608f45)
0x0000000061608f25:   cc cc cc cc cc cc cc cc cc cc cc 48 83 ec 28 48
0x0000000061608f35:   85 c9 75 07 33 c0 48 83 c4 28 c3 48 89 5c 24 20
0x0000000061608f45:   48 8b 19 48 85 db 74 20 48 83 fb 37 74 1a 48 8b
0x0000000061608f55:   13 48 8b cb ff 52 10 84 c0 74 0d 48 8b c3 48 8b 


Register to memory mapping:

RAX=0x0000000058d9f001 is pointing into the stack for thread: 0x0000000058651800
RBX=0x0000000058651800 is a thread
RCX=0x00000000003b003b is an unknown value
RDX=0x0000000000000000 is an unknown value
RSP=0x0000000058d9f090 is pointing into the stack for thread: 0x0000000058651800
RBP=0x00000000003b003b is an unknown value
RSI=0x0000000058d9f1a8 is pointing into the stack for thread: 0x0000000058651800
RDI=0x00000000020b8c80 is an unknown value
R8 =0x0000000058651800 is a thread
R9 =0x000000000000ff00 is an unknown value
R10=0x0000000000000000 is an unknown value
R11=0x000004bf00140001 is an unknown value
R12=0x0000000000000000 is an unknown value
R13=0x000000005865bed8 is an unknown value
R14=0x0000000000000000 is an unknown value
R15=0x0000000000000000 is an unknown value


Stack: [0x0000000058ca0000,0x0000000058da0000],  sp=0x0000000058d9f090,  free space=1020k
Native frames: (J=compiled Java code, j=interpreted, Vv=VM code, C=native code)
V  [jvm.dll+0x128f45]
V  [jvm.dll+0x34bb8d]
C  [jdwp.dll+0x21a15]
C  [jdwp.dll+0x53b3]
C  [jdwp.dll+0x5571]
C  [jdwp.dll+0xf0a8]
C  [jdwp.dll+0x1f2d5]
C  [jdwp.dll+0x1f4aa]
V  [jvm.dll+0x1bbf38]
V  [jvm.dll+0x243ae4]
V  [jvm.dll+0x29a99a]
C  [msvcr100.dll+0x21d9f]
C  [msvcr100.dll+0x21e3b]
C  [kernel32.dll+0x159cd]
C  [ntdll.dll+0x2a2e1]


---------------  P R O C E S S  ---------------

Java Threads: ( => current thread )
  0x0000000058703000 JavaThread "Service Thread" daemon [_thread_blocked, id=5032, stack(0x0000000059510000,0x0000000059610000)]
  0x000000005867e000 JavaThread "C1 CompilerThread2" daemon [_thread_blocked, id=1480, stack(0x0000000059400000,0x0000000059500000)]
  0x0000000058674000 JavaThread "C2 CompilerThread1" daemon [_thread_blocked, id=2868, stack(0x0000000058b90000,0x0000000058c90000)]
  0x0000000058687000 JavaThread "C2 CompilerThread0" daemon [_thread_blocked, id=4428, stack(0x0000000059270000,0x0000000059370000)]
  0x0000000058660800 JavaThread "JDWP Command Reader" daemon [_thread_in_native, id=1092, stack(0x00000000590d0000,0x00000000591d0000)]
  0x000000005865f000 JavaThread "JDWP Event Helper Thread" daemon [_thread_blocked, id=1256, stack(0x0000000058ea0000,0x0000000058fa0000)]
=>0x0000000058651800 JavaThread "JDWP Transport Listener: dt_socket" daemon [_thread_in_vm, id=1880, stack(0x0000000058ca0000,0x0000000058da0000)]
  0x000000005706e000 JavaThread "Attach Listener" daemon [_thread_blocked, id=5072, stack(0x0000000058080000,0x0000000058180000)]
  0x0000000057062000 JavaThread "Signal Dispatcher" daemon [_thread_blocked, id=2416, stack(0x00000000583b0000,0x00000000584b0000)]
  0x000000005704a800 JavaThread "Finalizer" daemon [_thread_blocked, id=3008, stack(0x0000000058530000,0x0000000058630000)]
  0x0000000057003800 JavaThread "Reference Handler" daemon [_thread_blocked, id=3168, stack(0x00000000582b0000,0x00000000583b0000)]
  0x00000000020f8000 JavaThread "main" [_thread_blocked, id=2080, stack(0x0000000002380000,0x0000000002480000)]

Other Threads:
  0x0000000056ffb800 VMThread [stack: 0x00000000581a0000,0x00000000582a0000] [id=4652]
  0x000000005873c000 WatcherThread [stack: 0x0000000059750000,0x0000000059850000] [id=4944]

VM state:not at safepoint (normal execution)

VM Mutex/Monitor currently owned by a thread: None

Heap:
 PSYoungGen      total 38400K, used 6663K [0x00000000d5900000, 0x00000000d8380000, 0x0000000100000000)
  eden space 33280K, 20% used [0x00000000d5900000,0x00000000d5f81c58,0x00000000d7980000)
  from space 5120K, 0% used [0x00000000d7e80000,0x00000000d7e80000,0x00000000d8380000)
  to   space 5120K, 0% used [0x00000000d7980000,0x00000000d7980000,0x00000000d7e80000)
 ParOldGen       total 87552K, used 0K [0x0000000080a00000, 0x0000000085f80000, 0x00000000d5900000)
  object space 87552K, 0% used [0x0000000080a00000,0x0000000080a00000,0x0000000085f80000)
 Metaspace       used 4932K, capacity 5296K, committed 5504K, reserved 1056768K
  class space    used 572K, capacity 595K, committed 640K, reserved 1048576K

Card table byte_map: [0x0000000011840000,0x0000000011c40000] byte_map_base: 0x000000001143b000

Marking Bits: (ParMarkBitMap*) 0x0000000061cf2f70
 Begin Bits: [0x00000000122c0000, 0x0000000014298000)
 End Bits:   [0x0000000014298000, 0x0000000016270000)

Polling page: 0x0000000000120000

CodeCache: size=245760Kb used=1786Kb max_used=1802Kb free=243973Kb
 bounds [0x0000000002480000, 0x00000000026f0000, 0x0000000011480000]
 total_blobs=519 nmethods=260 adapters=180
 compilation: enabled

Compilation events (10 events):
Event: 0.265 Thread 0x000000005867e000 nmethod 256 0x0000000002636e50 code [0x0000000002636fa0, 0x00000000026370b0]
Event: 0.285 Thread 0x000000005867e000  257   !   3       sun.misc.URLClassPath$FileLoader::getResource (164 bytes)
Event: 0.286 Thread 0x000000005867e000 nmethod 257 0x0000000002637910 code [0x0000000002637c40, 0x0000000002639488]
Event: 0.287 Thread 0x000000005867e000  258       3       sun.misc.FDBigInteger::mult (64 bytes)
Event: 0.287 Thread 0x000000005867e000 nmethod 258 0x000000000263f050 code [0x000000000263f1c0, 0x000000000263f450]
Event: 0.287 Thread 0x000000005867e000  259       3       sun.misc.FDBigInteger::<init> (30 bytes)
Event: 0.287 Thread 0x000000005867e000 nmethod 259 0x000000000263f750 code [0x000000000263f8c0, 0x000000000263fae8]
Event: 0.287 Thread 0x0000000058674000 nmethod 255 0x000000000263fbd0 code [0x000000000263fe40, 0x0000000002641a00]
Event: 0.287 Thread 0x000000005867e000  260       3       sun.misc.FDBigInteger::trimLeadingZeros (57 bytes)
Event: 0.287 Thread 0x000000005867e000 nmethod 260 0x000000000263b350 code [0x000000000263b4c0, 0x000000000263b7f0]

GC Heap History (0 events):
No events

Deoptimization events (0 events):
No events

Internal exceptions (7 events):
Event: 0.035 Thread 0x00000000020f8000 Exception <a 'java/lang/NoSuchMethodError': Method sun.misc.Unsafe.defineClass(Ljava/lang/String;[BII)Ljava/lang/Class; name or signature does not match> (0x00000000d5907cc0) thrown at [C:\re\workspace\8-2-build-windows-amd64-cygwin\jdk8u91\7017\hotspot\srÌÌLûvÅ¡?
Event: 0.035 Thread 0x00000000020f8000 Exception <a 'java/lang/NoSuchMethodError': Method sun.misc.Unsafe.prefetchRead(Ljava/lang/Object;J)V name or signature does not match> (0x00000000d5907fa8) thrown at [C:\re\workspace\8-2-build-windows-amd64-cygwin\jdk8u91\7017\hotspot\src\share\vm\prims\jÚïŽ£Â?
Event: 0.141 Thread 0x00000000020f8000 Exception <a 'java/io/FileNotFoundException'> (0x00000000d5bb09d0) thrown at [C:\re\workspace\8-2-build-windows-amd64-cygwin\jdk8u91\7017\hotspot\src\share\vm\prims\jni.cpp, line 709]
Event: 0.151 Thread 0x00000000020f8000 Exception <a 'java/security/PrivilegedActionException'> (0x00000000d5bf1cd0) thrown at [C:\re\workspace\8-2-build-windows-amd64-cygwin\jdk8u91\7017\hotspot\src\share\vm\prims\jvm.cpp, line 1386]
Event: 0.151 Thread 0x00000000020f8000 Exception <a 'java/security/PrivilegedActionException'> (0x00000000d5bf1ee0) thrown at [C:\re\workspace\8-2-build-windows-amd64-cygwin\jdk8u91\7017\hotspot\src\share\vm\prims\jvm.cpp, line 1386]
Event: 0.151 Thread 0x00000000020f8000 Exception <a 'java/security/PrivilegedActionException'> (0x00000000d5bf4598) thrown at [C:\re\workspace\8-2-build-windows-amd64-cygwin\jdk8u91\7017\hotspot\src\share\vm\prims\jvm.cpp, line 1386]
Event: 0.151 Thread 0x00000000020f8000 Exception <a 'java/security/PrivilegedActionException'> (0x00000000d5bf47a8) thrown at [C:\re\workspace\8-2-build-windows-amd64-cygwin\jdk8u91\7017\hotspot\src\share\vm\prims\jvm.cpp, line 1386]

Events (10 events):
Event: 1023.956 Executing VM operation: ChangeBreakpoints
Event: 1023.956 Executing VM operation: ChangeBreakpoints done
Event: 1023.957 Executing VM operation: ChangeBreakpoints
Event: 1023.957 Executing VM operation: ChangeBreakpoints done
Event: 1023.957 Executing VM operation: ChangeBreakpoints
Event: 1023.957 Executing VM operation: ChangeBreakpoints done
Event: 1023.957 Executing VM operation: ChangeBreakpoints
Event: 1023.957 Executing VM operation: ChangeBreakpoints done
Event: 1023.967 Executing VM operation: RedefineClasses
Event: 1023.968 Executing VM operation: RedefineClasses done


Dynamic libraries:
0x000000013f580000 - 0x000000013f5b7000 	C:\Java\jdk1.8.0_91\bin\java.exe
0x0000000076cd0000 - 0x0000000076e7a000 	C:\Windows\SYSTEM32\ntdll.dll
0x0000000076bb0000 - 0x0000000076ccf000 	C:\Windows\system32\kernel32.dll
0x000007fefcb80000 - 0x000007fefcbea000 	C:\Windows\system32\KERNELBASE.dll
0x000007fefdf30000 - 0x000007fefe00b000 	C:\Windows\system32\ADVAPI32.dll
0x000007fefddb0000 - 0x000007fefde4f000 	C:\Windows\system32\msvcrt.dll
0x000007fefcdc0000 - 0x000007fefcddf000 	C:\Windows\SYSTEM32\sechost.dll
0x000007fefdb70000 - 0x000007fefdc9d000 	C:\Windows\system32\RPCRT4.dll
0x0000000076ab0000 - 0x0000000076baa000 	C:\Windows\system32\USER32.dll
0x000007fefef70000 - 0x000007fefefd7000 	C:\Windows\system32\GDI32.dll
0x000007fefee70000 - 0x000007fefee7e000 	C:\Windows\system32\LPK.dll
0x000007fefe2c0000 - 0x000007fefe389000 	C:\Windows\system32\USP10.dll
0x000007fefb460000 - 0x000007fefb654000 	C:\Windows\WinSxS\amd64_microsoft.windows.common-controls_6595b64144ccf1df_6.0.7601.18837_none_fa3b1e3d17594757\COMCTL32.dll
0x000007fefe0b0000 - 0x000007fefe121000 	C:\Windows\system32\SHLWAPI.dll
0x000007fefdd20000 - 0x000007fefdd4e000 	C:\Windows\system32\IMM32.DLL
0x000007fefeb80000 - 0x000007fefec89000 	C:\Windows\system32\MSCTF.dll
0x0000000062930000 - 0x0000000062a02000 	C:\Java\jdk1.8.0_91\jre\bin\msvcr100.dll
0x00000000614e0000 - 0x0000000061d73000 	C:\Java\jdk1.8.0_91\jre\bin\server\jvm.dll
0x000007fef58d0000 - 0x000007fef58d9000 	C:\Windows\system32\WSOCK32.dll
0x000007fefee80000 - 0x000007fefeecd000 	C:\Windows\system32\WS2_32.dll
0x000007fefe5a0000 - 0x000007fefe5a8000 	C:\Windows\system32\NSI.dll
0x000007fef7950000 - 0x000007fef798b000 	C:\Windows\system32\WINMM.dll
0x000007fefbaf0000 - 0x000007fefbafc000 	C:\Windows\system32\VERSION.dll
0x0000000076e90000 - 0x0000000076e97000 	C:\Windows\system32\PSAPI.DLL
0x000000006d650000 - 0x000000006d65f000 	C:\Java\jdk1.8.0_91\jre\bin\verify.dll
0x0000000068e80000 - 0x0000000068ea9000 	C:\Java\jdk1.8.0_91\jre\bin\java.dll
0x0000000062ab0000 - 0x0000000062ae5000 	C:\Java\jdk1.8.0_91\jre\bin\jdwp.dll
0x000000006d660000 - 0x000000006d668000 	C:\Java\jdk1.8.0_91\jre\bin\npt.dll
0x0000000069ce0000 - 0x0000000069cf6000 	C:\Java\jdk1.8.0_91\jre\bin\zip.dll
0x000007fefcde0000 - 0x000007fefdb69000 	C:\Windows\system32\SHELL32.dll
0x000007fefe390000 - 0x000007fefe593000 	C:\Windows\system32\ole32.dll
0x000007fefca10000 - 0x000007fefca1f000 	C:\Windows\system32\profapi.dll
0x000000006d640000 - 0x000000006d649000 	C:\Java\jdk1.8.0_91\jre\bin\dt_socket.dll
0x000007fefc1a0000 - 0x000007fefc1f5000 	C:\Windows\system32\mswsock.dll
0x000007fefbbc0000 - 0x000007fefbbc7000 	C:\Windows\System32\wshtcpip.dll
0x000007fef57a0000 - 0x000007fef58c5000 	C:\Windows\system32\dbghelp.dll

VM Arguments:
jvm_args: -agentlib:jdwp=transport=dt_socket,address=127.0.0.1:50122,suspend=y,server=n -ea -Dfile.encoding=UTF-8 -Didea.junit.sm_runner 
java_command: com.intellij.rt.execution.junit.JUnitStarter -ideVersion5 com.opslab.util.RandomUtilTest,testRandomItem
java_class_path (initial): C:\Program Files (x86)\JetBrains\IntelliJ IDEA 2016.2\lib\idea_rt.jar;C:\Program Files (x86)\JetBrains\IntelliJ IDEA 2016.2\plugins\junit\lib\junit-rt.jar;C:\Java\jdk1.8.0_91\jre\lib\charsets.jar;C:\Java\jdk1.8.0_91\jre\lib\deploy.jar;C:\Java\jdk1.8.0_91\jre\lib\ext\access-bridge-64.jar;C:\Java\jdk1.8.0_91\jre\lib\ext\cldrdata.jar;C:\Java\jdk1.8.0_91\jre\lib\ext\dnsns.jar;C:\Java\jdk1.8.0_91\jre\lib\ext\jaccess.jar;C:\Java\jdk1.8.0_91\jre\lib\ext\jfxrt.jar;C:\Java\jdk1.8.0_91\jre\lib\ext\localedata.jar;C:\Java\jdk1.8.0_91\jre\lib\ext\nashorn.jar;C:\Java\jdk1.8.0_91\jre\lib\ext\sunec.jar;C:\Java\jdk1.8.0_91\jre\lib\ext\sunjce_provider.jar;C:\Java\jdk1.8.0_91\jre\lib\ext\sunmscapi.jar;C:\Java\jdk1.8.0_91\jre\lib\ext\sunpkcs11.jar;C:\Java\jdk1.8.0_91\jre\lib\ext\zipfs.jar;C:\Java\jdk1.8.0_91\jre\lib\javaws.jar;C:\Java\jdk1.8.0_91\jre\lib\jce.jar;C:\Java\jdk1.8.0_91\jre\lib\jfr.jar;C:\Java\jdk1.8.0_91\jre\lib\jfxswt.jar;C:\Java\jdk1.8.0_91\jre\lib\jsse.jar;C:\Java\jdk1.8.0_91\jre\lib\management-agent.jar;C:\Java\jdk1.8.0_91\jre\lib\plugin.jar;C:\Java\jdk1.8.0_91\jre\lib\resources.jar;C:\Java\jdk1.8.0_91\jre\lib\rt.jar;C:\workspace\opslabJutil\target\test-classes;C:\workspace\opslabJutil\target\classes;C:\Java\repository\junit\junit\4.12\junit-4.12.jar;C:\Java\repository\org\hamcrest\hamcrest-core\1.3\hamcrest-core-1.3.jar;C:\Java\repository\log4j\log4j\1.2.17\log4j-1.2.17.jar;C:\Java\repository\com\belerweb\pinyin4j\2.5.0\pinyin4j-2.5.0.jar;C:\Java\repository\commons-net\commons-net\3.3\commons-net-3.3.jar;C:\Java\repository\com\sun\mail\javax.mail\1.5.5\javax.mail-1.5.5.jar;C:\Java\repository\javax\activation\activation\1.1\activation-1.1.jar;C:\Java\repository\antlr\antlr\2.7.7\antlr-2.7.7.jar;C:\Java\repository\net\sourceforge\jchardet\jchardet\1.0\jchardet-1.0.jar;C:\Java\repository\javax\servlet\javax.servlet-api\3.1.0\javax.servlet-api-3.1.0.jar
Launcher Type: SUN_STANDARD

Environment Variables:
JAVA_HOME=C:\Java\jdk1.7.0_67
CLASSPATH=.;C:\Java\jdk1.7.0_67\lib;C:\Java\jdk1.7.0_67\lib\dt.jar;C:\Java\jdk1.7.0_67\lib\tools.jar
PATH=C:\Program Files (x86)\Common Files\NetSarang;C:\ProgramData\Oracle\Java\javapath;C:\Python\python27\;C:\Python\python27\Scripts;C:\Windows\system32;C:\Windows;C:\Windows\System32\Wbem;C:\Windows\System32\WindowsPowerShell\v1.0\;C:\Java\maven\bin;C:\Java\jdk1.7.0_67\bin;C:\Java\jdk1.7.0_67\jre\bin;C:\java\scala\bin;C:\Java\scala\bin;C:\Program Files\nodejs\;C:\Program Files\MySQL\MySQL Server 5.1\bin;C:\Program Files (x86)\GNU\GnuPG\pub;C:\Users\Administrator\AppData\Roaming\npm;C:\Program Files (x86)\Microsoft VS Code\bin;C:\Program Files\nodejs;C:\Users\Administrator\AppData\Roaming\npm;
USERNAME=Administrator
OS=Windows_NT
PROCESSOR_IDENTIFIER=Intel64 Family 6 Model 58 Stepping 9, GenuineIntel



---------------  S Y S T E M  ---------------

OS: Windows 7 , 64 bit Build 7601 (6.1.7601.23543)

CPU:total 4 (4 cores per cpu, 1 threads per core) family 6 model 58 stepping 9, cmov, cx8, fxsr, mmx, sse, sse2, sse3, ssse3, sse4.1, sse4.2, popcnt, avx, aes, clmul, erms, tsc, tscinvbit, tscinv

Memory: 4k page, physical 8339912k(4657744k free), swap 16677964k(12484424k free)

vm_info: Java HotSpot(TM) 64-Bit Server VM (25.91-b15) for windows-amd64 JRE (1.8.0_91-b15), built on May 20 2016 17:43:15 by "java_re" with MS VC++ 10.0 (VS2010)

time: Thu Nov 03 21:58:38 2016
elapsed time: 1024 seconds (0d 0h 17m 4s)

