#
# A fatal error has been detected by the Java Runtime Environment:
#
#  EXCEPTION_ACCESS_VIOLATION (0xc0000005) at pc=0x544dec2f, pid=6804, tid=696
#
# JRE version: Java(TM) SE Runtime Environment (7.0_75-b13) (build 1.7.0_75-b13)
# Java VM: Java HotSpot(TM) Client VM (24.75-b04 mixed mode windows-x86 )
# Problematic frame:
# V  [jvm.dll+0xdec2f]
#
# Failed to write core dump. Minidumps are not enabled by default on client versions of Windows
#
# If you would like to submit a bug report, please visit:
#   http://bugreport.sun.com/bugreport/crash.jsp
#

---------------  T H R E A D  ---------------

Current thread (0x18310400):  JavaThread "JDWP Transport Listener: dt_socket" daemon [_thread_in_vm, id=696, stack(0x18a40000,0x18a90000)]

siginfo: ExceptionCode=0xc0000005, reading address 0x000acd94

Registers:
EAX=0x000acd00, EBX=0x00000000, ECX=0x18dbdef8, EDX=0x00000000
ESP=0x18a8f754, EBP=0x18a8f758, ESI=0x1837dd20, EDI=0x18a8f838
EIP=0x544dec2f, EFLAGS=0x00010217

Top of Stack: (sp=0x18a8f754)
0x18a8f754:   003a7ff0 18a8f780 5461173a 18dbdef8
0x18a8f764:   18a8f7bb 18310400 00000000 00000000
0x18a8f774:   00000000 18310400 18310400 18a8f7bc
0x18a8f784:   6fa39d8d 003a7ff0 18dbdef8 18a8f7bb
0x18a8f794:   18dbdef8 6fa2436d 18dbdef8 18a8f7bb
0x18a8f7a4:   00000005 00000000 00000000 0000000a
0x18a8f7b4:   00000000 002d1f60 18a8f7dc 6fa244e0
0x18a8f7c4:   00000001 18a8f7f8 18a8f834 18d9a690 

Instructions: (pc=0x544dec2f)
0x544dec0f:   00 55 8b ec 8b 45 08 56 85 c0 74 28 8b 30 85 f6
0x544dec1f:   74 22 81 fe fe fe fe fe 74 1a 8b 4e 04 8b 41 08
0x544dec2f:   8b 90 94 00 00 00 83 c1 08 ff d2 84 c0 74 05 8b
0x544dec3f:   c6 5e 5d c3 33 c0 5e 5d c3 cc cc cc cc cc cc cc 


Register to memory mapping:

EAX=0x000acd00 is an unknown value
EBX=0x00000000 is an unknown value
ECX=0x18dbdef8 is an unknown value
EDX=0x00000000 is an unknown value
ESP=0x18a8f754 is pointing into the stack for thread: 0x18310400
EBP=0x18a8f758 is pointing into the stack for thread: 0x18310400
ESI=0x1837dd20 is an unknown value
EDI=0x18a8f838 is pointing into the stack for thread: 0x18310400


Stack: [0x18a40000,0x18a90000],  sp=0x18a8f754,  free space=317k
Native frames: (J=compiled Java code, j=interpreted, Vv=VM code, C=native code)
V  [jvm.dll+0xdec2f]
V  [jvm.dll+0x21173a]
C  [jdwp.dll+0x19d8d]
C  [jdwp.dll+0x44e0]
C  [jdwp.dll+0x451e]


---------------  P R O C E S S  ---------------

Java Threads: ( => current thread )
  0x18328000 JavaThread "Service Thread" daemon [_thread_blocked, id=3880, stack(0x18ac0000,0x18b10000)]
  0x18323800 JavaThread "C1 CompilerThread0" daemon [_thread_blocked, id=2580, stack(0x189e0000,0x18a30000)]
  0x18315c00 JavaThread "JDWP Command Reader" daemon [_thread_in_native, id=1176, stack(0x18ba0000,0x18bf0000)]
  0x18314000 JavaThread "JDWP Event Helper Thread" daemon [_thread_blocked, id=5724, stack(0x18940000,0x18990000)]
=>0x18310400 JavaThread "JDWP Transport Listener: dt_socket" daemon [_thread_in_vm, id=696, stack(0x18a40000,0x18a90000)]
  0x18303000 JavaThread "Attach Listener" daemon [_thread_blocked, id=2828, stack(0x188d0000,0x18920000)]
  0x182fe000 JavaThread "Signal Dispatcher" daemon [_thread_blocked, id=6124, stack(0x18850000,0x188a0000)]
  0x182c9400 JavaThread "Finalizer" daemon [_thread_blocked, id=380, stack(0x187c0000,0x18810000)]
  0x182c4000 JavaThread "Reference Handler" daemon [_thread_blocked, id=6012, stack(0x18730000,0x18780000)]
  0x003ad400 JavaThread "main" [_thread_blocked, id=4144, stack(0x02110000,0x02160000)]

Other Threads:
  0x182c0c00 VMThread [stack: 0x185a0000,0x185f0000] [id=5680]
  0x18324000 WatcherThread [stack: 0x18690000,0x186e0000] [id=6280]

VM state:not at safepoint (normal execution)

VM Mutex/Monitor currently owned by a thread: None

Heap
 def new generation   total 4928K, used 3653K [0x04200000, 0x04750000, 0x09750000)
  eden space 4416K,  82% used [0x04200000, 0x04591518, 0x04650000)
  from space 512K,   0% used [0x04650000, 0x04650000, 0x046d0000)
  to   space 512K,   0% used [0x046d0000, 0x046d0000, 0x04750000)
 tenured generation   total 10944K, used 0K [0x09750000, 0x0a200000, 0x14200000)
   the space 10944K,   0% used [0x09750000, 0x09750000, 0x09750200, 0x0a200000)
 compacting perm gen  total 12288K, used 2536K [0x14200000, 0x14e00000, 0x18200000)
   the space 12288K,  20% used [0x14200000, 0x1447a148, 0x1447a200, 0x14e00000)
No shared spaces configured.

Card table byte_map: [0x18200000,0x182b0000] byte_map_base: 0x181df000

Polling page: 0x000d0000

Code Cache  [0x021f0000, 0x022b0000, 0x041f0000)
 total_blobs=196 nmethods=62 adapters=79 free_code_cache=32029Kb largest_free_block=32798400

Compilation events (10 events):
Event: 0.870 Thread 0x18323800   58   !         java.util.zip.ZipFile::getEntry (86 bytes)
Event: 0.871 Thread 0x18323800 nmethod 58 0x022a22c8 code [0x022a2420, 0x022a2858]
Event: 0.875 Thread 0x18323800   59             java.util.Arrays::copyOf (19 bytes)
Event: 0.875 Thread 0x18323800 nmethod 59 0x022a2b48 code [0x022a2c50, 0x022a2dbc]
Event: 0.882 Thread 0x18323800   60   !         java.net.URL::<init> (543 bytes)
Event: 0.890 Thread 0x18323800 nmethod 60 0x022a2e88 code [0x022a3230, 0x022a6028]
Event: 0.912 Thread 0x18323800   61             java.lang.String::indexOf (7 bytes)
Event: 0.913 Thread 0x18323800 nmethod 61 0x022a8248 code [0x022a8340, 0x022a83ec]
Event: 1.037 Thread 0x18323800   62             java.util.HashMap::hash (55 bytes)
Event: 1.038 Thread 0x18323800 nmethod 62 0x022a8448 code [0x022a8570, 0x022a8748]

GC Heap History (0 events):
No events

Deoptimization events (0 events):
No events

Internal exceptions (10 events):
Event: 0.919 Thread 0x003ad400 Threw 0x0454e8f0 at C:\re\jdk7u75\1940\hotspot\src\share\vm\prims\jvm.cpp:1281
Event: 0.922 Thread 0x003ad400 Threw 0x045552f0 at C:\re\jdk7u75\1940\hotspot\src\share\vm\prims\jvm.cpp:1281
Event: 0.923 Thread 0x003ad400 Threw 0x045596d8 at C:\re\jdk7u75\1940\hotspot\src\share\vm\prims\jvm.cpp:1281
Event: 0.926 Thread 0x003ad400 Threw 0x04563000 at C:\re\jdk7u75\1940\hotspot\src\share\vm\prims\jvm.cpp:1281
Event: 0.928 Thread 0x003ad400 Threw 0x04569100 at C:\re\jdk7u75\1940\hotspot\src\share\vm\prims\jvm.cpp:1281
Event: 0.930 Thread 0x003ad400 Threw 0x0456b6e0 at C:\re\jdk7u75\1940\hotspot\src\share\vm\prims\jvm.cpp:1281
Event: 0.932 Thread 0x003ad400 Threw 0x0456fed0 at C:\re\jdk7u75\1940\hotspot\src\share\vm\prims\jvm.cpp:1281
Event: 1.027 Thread 0x003ad400 Threw 0x045737b0 at C:\re\jdk7u75\1940\hotspot\src\share\vm\prims\jvm.cpp:1281
Event: 1.030 Thread 0x003ad400 Threw 0x045784b8 at C:\re\jdk7u75\1940\hotspot\src\share\vm\prims\jvm.cpp:1281
Event: 277.268 Thread 0x003ad400 Threw 0x0457ded0 at C:\re\jdk7u75\1940\hotspot\src\share\vm\prims\jvm.cpp:1281

Events (10 events):
Event: 6214.895 Executing VM operation: RedefineClasses
Event: 6214.897 Executing VM operation: RedefineClasses done
Event: 6261.018 Executing VM operation: RedefineClasses
Event: 6261.019 Executing VM operation: RedefineClasses done
Event: 7177.275 Executing VM operation: RedefineClasses
Event: 7177.276 Executing VM operation: RedefineClasses done
Event: 7296.666 Executing VM operation: RedefineClasses
Event: 7296.668 Executing VM operation: RedefineClasses done
Event: 7316.097 Executing VM operation: RedefineClasses
Event: 7316.098 Executing VM operation: RedefineClasses done


Dynamic libraries:
0x000e0000 - 0x0010f000 	C:\Java\jdk1.7.0_75\bin\java.exe
0x76fd0000 - 0x77150000 	C:\Windows\SysWOW64\ntdll.dll
0x74260000 - 0x74370000 	C:\Windows\syswow64\kernel32.dll
0x76560000 - 0x765a7000 	C:\Windows\syswow64\KERNELBASE.dll
0x74760000 - 0x74800000 	C:\Windows\syswow64\ADVAPI32.dll
0x746b0000 - 0x7475c000 	C:\Windows\syswow64\msvcrt.dll
0x759c0000 - 0x759d9000 	C:\Windows\SysWOW64\sechost.dll
0x75f40000 - 0x76030000 	C:\Windows\syswow64\RPCRT4.dll
0x74200000 - 0x74260000 	C:\Windows\syswow64\SspiCli.dll
0x741f0000 - 0x741fc000 	C:\Windows\syswow64\CRYPTBASE.dll
0x760c0000 - 0x761c0000 	C:\Windows\syswow64\USER32.dll
0x76030000 - 0x760c0000 	C:\Windows\syswow64\GDI32.dll
0x76460000 - 0x7646a000 	C:\Windows\syswow64\LPK.dll
0x74b30000 - 0x74bcd000 	C:\Windows\syswow64\USP10.dll
0x739e0000 - 0x73b7e000 	C:\Windows\WinSxS\x86_microsoft.windows.common-controls_6595b64144ccf1df_6.0.7601.18837_none_41e855142bd5705d\COMCTL32.dll
0x74510000 - 0x74567000 	C:\Windows\syswow64\SHLWAPI.dll
0x75b40000 - 0x75ba0000 	C:\Windows\system32\IMM32.DLL
0x74a60000 - 0x74b2c000 	C:\Windows\syswow64\MSCTF.dll
0x6ac60000 - 0x6ad1f000 	C:\Java\jdk1.7.0_75\jre\bin\msvcr100.dll
0x54400000 - 0x54789000 	C:\Java\jdk1.7.0_75\jre\bin\client\jvm.dll
0x731b0000 - 0x731b7000 	C:\Windows\system32\WSOCK32.dll
0x75d50000 - 0x75d85000 	C:\Windows\syswow64\WS2_32.dll
0x749d0000 - 0x749d6000 	C:\Windows\syswow64\NSI.dll
0x75c60000 - 0x75c92000 	C:\Windows\syswow64\WINMM.dll
0x759e0000 - 0x759e5000 	C:\Windows\syswow64\PSAPI.DLL
0x6fac0000 - 0x6facc000 	C:\Java\jdk1.7.0_75\jre\bin\verify.dll
0x6fa50000 - 0x6fa70000 	C:\Java\jdk1.7.0_75\jre\bin\java.dll
0x6fa20000 - 0x6fa4a000 	C:\Java\jdk1.7.0_75\jre\bin\jdwp.dll
0x6fb20000 - 0x6fb27000 	C:\Java\jdk1.7.0_75\jre\bin\npt.dll
0x6fa00000 - 0x6fa13000 	C:\Java\jdk1.7.0_75\jre\bin\zip.dll
0x6fab0000 - 0x6fab8000 	C:\Java\jdk1.7.0_75\jre\bin\dt_socket.dll
0x738c0000 - 0x738fc000 	C:\Windows\system32\mswsock.dll
0x73550000 - 0x73555000 	C:\Windows\System32\wshtcpip.dll
0x73560000 - 0x7364b000 	C:\Windows\system32\dbghelp.dll

VM Arguments:
jvm_args: -agentlib:jdwp=transport=dt_socket,address=127.0.0.1:54436,suspend=y,server=n -ea -Dfile.encoding=GBK 
java_command: com.intellij.rt.execution.junit.JUnitStarter -ideVersion5 -junit3 evilp0s.WEB.WebUtilTest,testescapeEncoding
Launcher Type: SUN_STANDARD

Environment Variables:
JAVA_HOME=C:\Java\jdk1.8.0_51
CLASSPATH=.;C:\Java\jdk1.8.0_51\lib\dt.jar;C:\Java\jdk1.8.0_51\lib\tools.jar;
PATH=C:\Python27\;C:\Python27\Scripts;C:\Program Files (x86)\Common Files\NetSarang;C:\Windows\system32;C:\Windows;C:\Windows\System32\Wbem;C:\Windows\System32\WindowsPowerShell\v1.0\;C:\Program Files (x86)\ATI Technologies\ATI.ACE\Core-Static;C:\Program Files\TortoiseSVN\bin;C:\Program Files\nodejs\;C:\Java\jdk1.8.0_51\bin;C:\Java\jdk1.8.0_51\jre\bin;C:\Users\Administrator\AppData\Roaming\npm
USERNAME=Administrator
OS=Windows_NT
PROCESSOR_IDENTIFIER=Intel64 Family 6 Model 37 Stepping 5, GenuineIntel



---------------  S Y S T E M  ---------------

OS: Windows 7 , 64 bit Build 7601 Service Pack 1

CPU:total 4 (2 cores per cpu, 2 threads per core) family 6 model 37 stepping 5, cmov, cx8, fxsr, mmx, sse, sse2, sse3, ssse3, sse4.1, sse4.2, popcnt, ht, tsc, tscinvbit

Memory: 4k page, physical 4116976k(1325428k free), swap 8232100k(5203924k free)

vm_info: Java HotSpot(TM) Client VM (24.75-b04) for windows-x86 JRE (1.7.0_75-b13), built on Dec 18 2014 17:06:46 by "java_re" with unknown MS VC++:1600

time: Mon Jul 27 13:53:21 2015
elapsed time: 7467 seconds

